<?xml version="1.0" encoding="UTF-8"?>
<!-- Generated by org.testng.reporters.JUnitReportReporter -->
<testsuite hostname="DESKTOP-QL5DTGM" failures="0" tests="2" name="pack1.ContactTest" time="0.025" errors="0" timestamp="2025-03-03T13:13:14 IST" skipped="0">
  <testcase classname="pack1.ContactTest" name="modifyContactTest" time="0.004"/>
  <system-out/>
  <testcase classname="pack1.ContactTest" name="createContactTest" time="0.021"/>
  <system-out/>
</testsuite> <!-- pack1.ContactTest -->
